1
7*x1-log(x1)
#
Iteração 	| Newton Padrão 	| Newton Modificado 	| Newton Inexato	|
1 		| 2.95022082852655e+00	| 2.95022082852655e+00	| 2.95022082852655e+00	| 
2 		| 2.94594313228550e+00	| 2.94594313228550e+00	| 2.94594313228550e+00	| 
3 		| 2.94591015120774e+00	| 2.94591015120774e+00	| 2.94591015120774e+00	| 
4 		| 2.94591014905531e+00	| 2.94591014905531e+00	| 2.94591014905531e+00	| 
5 		| 			| 			| 			| 
Tempo total 	| 1.61299929022789e-02	| 2.31000036001205e-03	| 2.24000960588455e-03	|
Tempo derivadas | 1.49799957871437e-02	| 1.31001323461533e-03	| 1.21999531984329e-03	|
Tempo SL 	| 4.59998846054077e-04	| 2.59995460510254e-04	| 0.00000000000000e+00	|
#
1
7*x1-log(x1)
#
Iteração 	| Newton Padrão 	| Newton Modificado 	| Newton Inexato	|
1 		| 4.08275018307130e+00	| 4.08275018307130e+00	| 4.08275018307130e+00	| 
2 		| 3.57639074071603e+00	| 3.57639074071603e+00	| 3.57639074071603e+00	| 
3 		| 3.20635891025572e+00	| 3.20635891025572e+00	| 3.20635891025572e+00	| 
4 		| 3.00839120361623e+00	| 3.00839120361623e+00	| 3.00839120361623e+00	| 
5 		| 2.95105650769247e+00	| 2.95105650769247e+00	| 2.95105650769247e+00	| 
6 		| 2.94595666289606e+00	| 2.94595666289606e+00	| 2.94595666289606e+00	| 
7 		| 2.94591015332732e+00	| 2.94591015332732e+00	| 2.94591015332732e+00	| 
8 		| 2.94591014905531e+00	| 2.94591014905531e+00	| 2.94591014905531e+00	| 
9 		| 			| 			| 			| 
Tempo total 	| 5.26999682188034e-03	| 3.19998711347580e-03	| 3.34999710321426e-03	|
Tempo derivadas | 3.23996692895889e-03	| 1.33998692035675e-03	| 1.31999701261520e-03	|
Tempo SL 	| 7.10003077983856e-04	| 5.39995729923248e-04	| 0.00000000000000e+00	|
#
2
-log(1-x1-x2)-log(x1)-log(x2)
#
Iteração 	| Newton Padrão 	| Newton Modificado 	| Newton Inexato	|
1 		| 4.34975014622771e+00	| 4.34975014622771e+00	| 4.34975066987787e+00	| 
2 		| 3.57150332245764e+00	| 4.07336515194790e+00	| 3.57150369895646e+00	| 
3 		| 3.32290880078183e+00	| 3.45117255222236e+00	| 3.32290883199764e+00	| 
4 		| 3.29620081495115e+00	| 3.37922491020321e+00	| 3.29620081256594e+00	| 
5 		| 3.29583691254300e+00	| 3.30007461957261e+00	| 3.29583691253035e+00	| 
6 		| 3.29583686600433e+00	| 3.29671675421164e+00	| 3.29583686600460e+00	| 
7 		| 			| 3.29583715329667e+00	| 			| 
8 		| 			| 3.29583688604859e+00	| 			| 
9 		| 			| 3.29583686600433e+00	| 			| 
10 		| 			| 			| 			| 
Tempo total 	| 1.73000171780586e-02	| 1.15199983119965e-02	| 1.26399844884872e-02	|
Tempo derivadas | 1.45800039172173e-02	| 8.11001658439636e-03	| 8.16000998020172e-03	|
Tempo SL 	| 1.46001577377319e-03	| 1.13999843597412e-03	| 0.00000000000000e+00	|
#
1
9*x1-4*log(x1-7)
#
Iteração 	| Newton Padrão 	| Newton Modificado 	| Newton Inexato	|
1 		| 7.88713220613138e+01	| 7.88713220613138e+01	| 7.88713220613138e+01	| 
2 		| 7.63587818408702e+01	| 7.63587818408702e+01	| 7.63587818408702e+01	| 
3 		| 7.40818571929966e+01	| 7.40818571929966e+01	| 7.40818571929966e+01	| 
4 		| 7.22117958517748e+01	| 7.22117958517748e+01	| 7.22117958517748e+01	| 
5 		| 7.09496957749186e+01	| 7.09496957749186e+01	| 7.09496957749186e+01	| 
6 		| 7.03728711432698e+01	| 7.03728711432698e+01	| 7.03728711432698e+01	| 
7 		| 7.02498446052009e+01	| 7.02498446052009e+01	| 7.02498446052009e+01	| 
8 		| 7.02437383098071e+01	| 7.02437383098071e+01	| 7.02437383098071e+01	| 
9 		| 7.02437208650169e+01	| 7.02437208650169e+01	| 7.02437208650169e+01	| 
10 		| 7.02437208648653e+01	| 7.02437208648653e+01	| 7.02437208648653e+01	| 
11 		| 			| 			| 			| 
Tempo total 	| 8.99001210927963e-03	| 6.28000497817993e-03	| 7.33000785112381e-03	|
Tempo derivadas | 6.53997808694839e-03	| 4.01999801397324e-03	| 4.72000986337662e-03	|
Tempo SL 	| 8.79988074302673e-04	| 6.09993934631348e-04	| 0.00000000000000e+00	|
#
1
9*x1-4*log(x1-7)
#
Iteração 	| Newton Padrão 	| Newton Modificado 	| Newton Inexato	|
1 		| 7.02442142927379e+01	| 7.02442142927379e+01	| 7.02442142927379e+01	| 
2 		| 7.02437209840940e+01	| 7.02437209840940e+01	| 7.02437209840940e+01	| 
3 		| 7.02437208648653e+01	| 7.02437208648653e+01	| 7.02437208648653e+01	| 
4 		| 			| 			| 			| 
Tempo total 	| 3.16999107599258e-03	| 2.05000489950180e-03	| 2.03999876976013e-03	|
Tempo derivadas | 2.17000395059586e-03	| 1.09000504016876e-03	| 1.01000070571899e-03	|
Tempo SL 	| 3.69995832443237e-04	| 2.69994139671326e-04	| 0.00000000000000e+00	|
#
1
6*x1-4*log(x1-2)-3*log(25-x1)
#
Iteração 	| Newton Padrão 	| Newton Modificado 	| Newton Inexato	|
1 		| 8.50340550181464e+00	| 8.50340550181464e+00	| 8.50340550181464e+00	| 
2 		| 8.31643341872772e+00	| 8.31643341872772e+00	| 8.31643341872772e+00	| 
3 		| 8.30271776155124e+00	| 8.30271776155124e+00	| 8.30271776155124e+00	| 
4 		| 8.30263234880710e+00	| 8.30263234880710e+00	| 8.30263234880710e+00	| 
5 		| 8.30263234519765e+00	| 8.30263234519765e+00	| 8.30263234519765e+00	| 
6 		| 			| 			| 			| 
Tempo total 	| 6.63998723030090e-03	| 3.94999980926514e-03	| 3.94000858068466e-03	|
Tempo derivadas | 5.15002757310867e-03	| 2.60998308658600e-03	| 2.52999365329742e-03	|
Tempo SL 	| 5.59993088245392e-04	| 3.80009412765503e-04	| 0.00000000000000e+00	|
#
2
-9*x1-10*x2+100*(-log(100-x1-x2)-log(x1)-log(x2)-log(50-x1+x2))
#
Iteração 	| Newton Padrão 	| Newton Modificado 	| Newton Inexato	|
1 		| -2.25768096813283e+03	| -2.25768096813283e+03	| -2.25654124553364e+03	| 
2 		| -2.29066087005638e+03	| -2.26370769690008e+03	| -2.29039081872873e+03	| 
3 		| -2.29789698124135e+03	| -2.29304701981649e+03	| -2.29789639895020e+03	| 
4 		| -2.29840179880820e+03	| -2.29452507933976e+03	| -2.29840182592428e+03	| 
5 		| -2.29840598668702e+03	| -2.29833015522450e+03	| -2.29840598667046e+03	| 
6 		| -2.29840598701713e+03	| -2.29836547685779e+03	| -2.29840598701709e+03	| 
7 		| 			| -2.29840598072773e+03	| -2.29840598701713e+03	| 
8 		| 			| -2.29840598283539e+03	| -2.29840598701713e+03	| 
9 		| 			| -2.29840598701713e+03	| -2.29840598701713e+03	| 
10 		| 			| -2.29840598701713e+03	| -2.29840598701713e+03	| 
11 		| 			| -2.29840598701713e+03	| -2.29840598701713e+03	| 
12 		| 			| 			| -2.29840598701713e+03	| 
13 		| 			| 			| -2.29840598701713e+03	| 
14 		| 			| 			| -2.29840598701713e+03	| 
15 		| 			| 			| -2.29840598701713e+03	| 
16 		| 			| 			| -2.29840598701713e+03	| 
17 		| 			| 			| -2.29840598701713e+03	| 
18 		| 			| 			| -2.29840598701713e+03	| 
19 		| 			| 			| -2.29840598701713e+03	| 
20 		| 			| 			| -2.29840598701713e+03	| 
21 		| 			| 			| -2.29840598701713e+03	| 
22 		| 			| 			| -2.29840598701713e+03	| 
23 		| 			| 			| 			| 
Tempo total 	| 1.92000046372414e-02	| 2.04799920320511e-02	| 6.75199776887894e-02	|
Tempo derivadas | 1.71400085091591e-02	| 1.66599899530411e-02	| 5.01200407743454e-02	|
Tempo SL 	| 9.59999859333038e-04	| 1.29999965429306e-03	| 0.00000000000000e+00	|
#
2
sin(x1+x2)+(x1-x2)^2-1.5*x1+2.5*x2+1
#
Iteração 	| Newton Padrão 	| Newton Modificado 	| Newton Inexato	|
1 		| -1.91322090085391e+00	| -1.91322090085391e+00	| -1.91322090077301e+00	| 
2 		| -1.91322295498023e+00	| -1.91322290695517e+00	| -1.91322295498035e+00	| 
3 		| -1.91322295498104e+00	| -1.91322295498104e+00	| -1.91322295498103e+00	| 
4 		| 			| 			| 			| 
Tempo total 	| 1.16100013256073e-02	| 3.00999730825424e-03	| 3.91999632120132e-03	|
Tempo derivadas | 1.03399977087975e-02	| 1.69999897480011e-03	| 1.82000547647476e-03	|
Tempo SL 	| 6.39997422695160e-04	| 4.29987907409668e-04	| 0.00000000000000e+00	|
#
2
0.5*(x1^4-16*x1^2+5*x1+x2^4-16*x2^2+5*x2+0)
#
Iteração 	| Newton Padrão 	| Newton Modificado 	| Newton Inexato	|
1 		| -7.83316728201422e+01	| -7.83316728201422e+01	| -7.83316728201422e+01	| 
2 		| -7.83323314043909e+01	| -7.83323263235824e+01	| -7.83323314043909e+01	| 
3 		| -7.83323314075428e+01	| -7.83323314075426e+01	| -7.83323314075428e+01	| 
4 		| 			| 			| 			| 
Tempo total 	| 2.00500115752220e-02	| 1.47900059819221e-02	| 1.66700035333633e-02	|
Tempo derivadas | 1.87500044703484e-02	| 1.29499956965446e-02	| 1.55299901962280e-02	|
Tempo SL 	| 6.09993934631348e-04	| 6.90005719661713e-04	| 0.00000000000000e+00	|
#
4
0.5*(x1^4-16*x1^2+5*x1+x2^4-16*x2^2+5*x2+x3^4-16*x3^2+5*x3+x4^4-16*x4^2+5*x4+0)
#
Iteração 	| Newton Padrão 	| Newton Modificado 	| Newton Inexato	|
1 		| -1.56663345640284e+02	| -1.56663345640284e+02	| -1.56663345640284e+02	| 
2 		| -1.56664662808782e+02	| -1.56664652647165e+02	| -1.56664662808782e+02	| 
3 		| -1.56664662815086e+02	| -1.56664662733203e+02	| -1.56664662815086e+02	| 
4 		| 			| -1.56664662814424e+02	| 			| 
5 		| 			| -1.56664662815086e+02	| 			| 
6 		| 			| 			| 			| 
Tempo total 	| 1.48079998791218e-01	| 1.33850000798702e-01	| 1.30559995770454e-01	|
Tempo derivadas | 1.45240001380444e-01	| 1.27920009195805e-01	| 1.28160007297993e-01	|
Tempo SL 	| 1.90000236034393e-03	| 2.53999978303909e-03	| 0.00000000000000e+00	|
#
10
0.5*(x1^4-16*x1^2+5*x1+x2^4-16*x2^2+5*x2+x3^4-16*x3^2+5*x3+x4^4-16*x4^2+5*x4+x5^4-16*x5^2+5*x5+x6^4-16*x6^2+5*x6+x7^4-16*x7^2+5*x7+x8^4-16*x8^2+5*x8+x9^4-16*x9^2+5*x9+x10^4-16*x10^2+5*x10+0)
#
Iteração 	| Newton Padrão 	| Newton Modificado 	| Newton Inexato	|
1 		| -3.91658364100711e+02	| -3.91658364100711e+02	| -3.91658364100711e+02	| 
2 		| -3.91661657021954e+02	| -3.91661631617912e+02	| -3.91661657021954e+02	| 
3 		| -3.91661657037714e+02	| -3.91661656833009e+02	| -3.91661657037714e+02	| 
4 		| 			| -3.91661657036060e+02	| 			| 
5 		| 			| -3.91661657037701e+02	| 			| 
6 		| 			| -3.91661657037714e+02	| 			| 
7 		| 			| 			| 			| 
Tempo total 	| 2.05152999609709e+00	| 8.46241004765034e-01	| 1.58413299918175e+00	|
Tempo derivadas | 2.04224000126123e+00	| 8.34870994091034e-01	| 1.57802300155163e+00	|
Tempo SL 	| 7.84000009298325e-03	| 5.01000136137009e-03	| 0.00000000000000e+00	|
#
20
0.5*(x1^4-16*x1^2+5*x1+x2^4-16*x2^2+5*x2+x3^4-16*x3^2+5*x3+x4^4-16*x4^2+5*x4+x5^4-16*x5^2+5*x5+x6^4-16*x6^2+5*x6+x7^4-16*x7^2+5*x7+x8^4-16*x8^2+5*x8+x9^4-16*x9^2+5*x9+x10^4-16*x10^2+5*x10+x11^4-16*x11^2+5*x11+x12^4-16*x12^2+5*x12+x13^4-16*x13^2+5*x13+x14^4-16*x14^2+5*x14+x15^4-16*x15^2+5*x15+x16^4-16*x16^2+5*x16+x17^4-16*x17^2+5*x17+x18^4-16*x18^2+5*x18+x19^4-16*x19^2+5*x19+x20^4-16*x20^2+5*x20+0)
#
Iteração 	| Newton Padrão 	| Newton Modificado 	| Newton Inexato	|
1 		| -7.83316728201422e+02	| -7.83316728201422e+02	| -7.83316728201422e+02	| 
2 		| -7.83323314043909e+02	| -7.83323263235824e+02	| -7.83323314043909e+02	| 
3 		| -7.83323314075428e+02	| -7.83323313666017e+02	| -7.83323314075428e+02	| 
4 		| 			| -7.83323314072119e+02	| 			| 
5 		| 			| -7.83323314075401e+02	| 			| 
6 		| 			| -7.83323314075428e+02	| 			| 
7 		| 			| 			| 			| 
Tempo total 	| 1.60382140055299e+01	| 5.55138599127531e+00	| 1.54099739938974e+01	|
Tempo derivadas | 1.59958739876747e+01	| 5.51473599672318e+00	| 1.53784240037203e+01	|
Tempo SL 	| 3.99600043892860e-02	| 1.37100145220757e-02	| 0.00000000000000e+00	|
#
32
0.5*(x1^4-16*x1^2+5*x1+x2^4-16*x2^2+5*x2+x3^4-16*x3^2+5*x3+x4^4-16*x4^2+5*x4+x5^4-16*x5^2+5*x5+x6^4-16*x6^2+5*x6+x7^4-16*x7^2+5*x7+x8^4-16*x8^2+5*x8+x9^4-16*x9^2+5*x9+x10^4-16*x10^2+5*x10+x11^4-16*x11^2+5*x11+x12^4-16*x12^2+5*x12+x13^4-16*x13^2+5*x13+x14^4-16*x14^2+5*x14+x15^4-16*x15^2+5*x15+x16^4-16*x16^2+5*x16+x17^4-16*x17^2+5*x17+x18^4-16*x18^2+5*x18+x19^4-16*x19^2+5*x19+x20^4-16*x20^2+5*x20+x21^4-16*x21^2+5*x21+x22^4-16*x22^2+5*x22+x23^4-16*x23^2+5*x23+x24^4-16*x24^2+5*x24+x25^4-16*x25^2+5*x25+x26^4-16*x26^2+5*x26+x27^4-16*x27^2+5*x27+x28^4-16*x28^2+5*x28+x29^4-16*x29^2+5*x29+x30^4-16*x30^2+5*x30+x31^4-16*x31^2+5*x31+x32^4-16*x32^2+5*x32+0)
#
Iteração 	| Newton Padrão 	| Newton Modificado 	| Newton Inexato	|
1 		| -1.25330676512228e+03	| -1.25330676512228e+03	| -1.25330676512228e+03	| 
2 		| -1.25331730247025e+03	| -1.25331722117732e+03	| -1.25331730247025e+03	| 
3 		| -1.25331730252069e+03	| -1.25331730186563e+03	| -1.25331730252069e+03	| 
4 		| 			| -1.25331730251539e+03	| 			| 
5 		| 			| -1.25331730252064e+03	| 			| 
6 		| 			| -1.25331730252069e+03	| 			| 
7 		| 			| 			| 			| 
Tempo total 	| 6.46693489998579e+01	| 2.25352289974689e+01	| 6.49831620007753e+01	|
Tempo derivadas | 6.45346890091896e+01	| 2.24394390061498e+01	| 6.49333709999919e+01	|
Tempo SL 	| 1.32059991359711e-01	| 3.34899947047234e-02	| 0.00000000000000e+00	|
#
2
x1^2+x2^2+0
#
Iteração 	| Newton Padrão 	| Newton Modificado 	| Newton Inexato	|
1 		| 0.00000000000000e+00	| 0.00000000000000e+00	| 0.00000000000000e+00	| 
2 		| 			| 			| 			| 
Tempo total 	| 1.30999833345413e-03	| 9.89995896816254e-04	| 9.00000333786011e-04	|
Tempo derivadas | 7.20001757144928e-04	| 4.40001487731934e-04	| 3.70003283023834e-04	|
Tempo SL 	| 3.30001115798950e-04	| 1.40003859996796e-04	| 0.00000000000000e+00	|
#
10
x1^2+x2^2+x3^2+x4^2+x5^2+x6^2+x7^2+x8^2+x9^2+x10^2+0
#
Iteração 	| Newton Padrão 	| Newton Modificado 	| Newton Inexato	|
1 		| 0.00000000000000e+00	| 0.00000000000000e+00	| 0.00000000000000e+00	| 
2 		| 			| 			| 			| 
Tempo total 	| 2.64700055122375e-02	| 2.59599909186363e-02	| 2.42699980735779e-02	|
Tempo derivadas | 2.33599990606308e-02	| 2.26299986243248e-02	| 2.20899954438210e-02	|
Tempo SL 	| 2.63000279664993e-03	| 7.69995152950287e-04	| 0.00000000000000e+00	|
#
50
x1^2+x2^2+x3^2+x4^2+x5^2+x6^2+x7^2+x8^2+x9^2+x10^2+x11^2+x12^2+x13^2+x14^2+x15^2+x16^2+x17^2+x18^2+x19^2+x20^2+x21^2+x22^2+x23^2+x24^2+x25^2+x26^2+x27^2+x28^2+x29^2+x30^2+x31^2+x32^2+x33^2+x34^2+x35^2+x36^2+x37^2+x38^2+x39^2+x40^2+x41^2+x42^2+x43^2+x44^2+x45^2+x46^2+x47^2+x48^2+x49^2+x50^2+0
#
Iteração 	| Newton Padrão 	| Newton Modificado 	| Newton Inexato	|
1 		| 0.00000000000000e+00	| 0.00000000000000e+00	| 0.00000000000000e+00	| 
2 		| 			| 			| 			| 
Tempo total 	| 7.09446900337934e+00	| 7.85828699916601e+00	| 6.97993700206280e+00	|
Tempo derivadas | 6.91043899953365e+00	| 7.67299699783325e+00	| 6.95311599969864e+00	|
Tempo SL 	| 1.82549998164177e-01	| 9.60999727249146e-03	| 0.00000000000000e+00	|
#
100
x1^2+x2^2+x3^2+x4^2+x5^2+x6^2+x7^2+x8^2+x9^2+x10^2+x11^2+x12^2+x13^2+x14^2+x15^2+x16^2+x17^2+x18^2+x19^2+x20^2+x21^2+x22^2+x23^2+x24^2+x25^2+x26^2+x27^2+x28^2+x29^2+x30^2+x31^2+x32^2+x33^2+x34^2+x35^2+x36^2+x37^2+x38^2+x39^2+x40^2+x41^2+x42^2+x43^2+x44^2+x45^2+x46^2+x47^2+x48^2+x49^2+x50^2+x51^2+x52^2+x53^2+x54^2+x55^2+x56^2+x57^2+x58^2+x59^2+x60^2+x61^2+x62^2+x63^2+x64^2+x65^2+x66^2+x67^2+x68^2+x69^2+x70^2+x71^2+x72^2+x73^2+x74^2+x75^2+x76^2+x77^2+x78^2+x79^2+x80^2+x81^2+x82^2+x83^2+x84^2+x85^2+x86^2+x87^2+x88^2+x89^2+x90^2+x91^2+x92^2+x93^2+x94^2+x95^2+x96^2+x97^2+x98^2+x99^2+x100^2+0
#
Iteração 	| Newton Padrão 	| Newton Modificado 	| Newton Inexato	|
1 		| 0.00000000000000e+00	| 0.00000000000000e+00	| 0.00000000000000e+00	| 
2 		| 			| 			| 			| 
Tempo total 	| 4.59501010030508e+01	| 4.71466030031443e+01	| 4.78525240048766e+01	|
Tempo derivadas | 4.48142899945378e+01	| 4.59845620021224e+01	| 4.77526739984751e+01	|
Tempo SL 	| 1.13386100530624e+00	| 3.92800047993660e-02	| 0.00000000000000e+00	|
#
2
100*(x2-x1^2)^2+(1-x1)^2+0
#
Iteração 	| Newton Padrão 	| Newton Modificado 	| Newton Inexato	|
1 		| 4.47512876972346e-05	| 4.47512876972346e-05	| 3.05189499587876e-05	| 
2 		| 1.98628259133642e-07	| 4.43399337258184e-05	| 2.84397355348242e-05	| 
3 		| 1.67056063375693e-14	| 2.02679517421373e-07	| 2.07567334181103e-05	| 
4 		| 2.73932442376062e-26	| 4.28624499220704e-09	| 1.11457069005440e-05	| 
5 		| 			| 1.90472059215557e-15	| 3.50481558020159e-06	| 
6 		| 			| 			| 1.27234356414936e-07	| 
7 		| 			| 			| 1.05310041366260e-06	| 
8 		| 			| 			| 4.52135690061294e-06	| 
9 		| 			| 			| 8.10616700237559e-06	| 
10 		| 			| 			| 9.90419487092929e-06	| 
11 		| 			| 			| 9.24149914119125e-06	| 
12 		| 			| 			| 6.69081777592903e-06	| 
13 		| 			| 			| 3.54198366443542e-06	| 
14 		| 			| 			| 1.08012095194566e-06	| 
15 		| 			| 			| 3.87981564567271e-08	| 
16 		| 			| 			| 3.23954136913351e-07	| 
17 		| 			| 			| 1.38798159517844e-06	| 
18 		| 			| 			| 2.48877399803205e-06	| 
19 		| 			| 			| 3.04728370993169e-06	| 
20 		| 			| 			| 			| 
Tempo total 	| 1.13999918103218e-02	| 8.44000279903412e-03	| 6.78600072860718e-02	|
Tempo derivadas | 9.78001207113266e-03	| 6.39999657869339e-03	| 3.45999747514725e-02	|
Tempo SL 	| 8.20003449916840e-04	| 7.00004398822784e-04	| 0.00000000000000e+00	|
#
4
100*(x2-x1^2)^2+(1-x1)^2+100*(x3-x2^2)^2+(1-x2)^2+100*(x4-x3^2)^2+(1-x3)^2+0
#
Iteração 	| Newton Padrão 	| Newton Modificado 	| Newton Inexato	|
1 		| 1.06307897367424e-04	| 1.06307897367424e-04	| 7.36276407264713e-05	| 
2 		| 6.52351840213083e-07	| 1.02116075301137e-04	| 6.54121301275342e-05	| 
3 		| 3.47092973317749e-13	| 1.01329974273468e-04	| 4.75714303721657e-05	| 
4 		| 7.46474097302232e-24	| 1.00667696114397e-04	| 2.54228921770006e-05	| 
5 		| 			| 6.52081432088199e-07	| 7.91250077963557e-06	| 
6 		| 			| 5.04278619092617e-08	| 2.63254882836553e-07	| 
7 		| 			| 1.69195913923574e-08	| 2.50849065873698e-06	| 
8 		| 			| 1.48483401155679e-08	| 1.05507977466648e-05	| 
9 		| 			| 1.40133064840804e-14	| 1.87906157466402e-05	| 
10 		| 			| 			| 2.28626908259540e-05	| 
11 		| 			| 			| 2.12538165806599e-05	| 
12 		| 			| 			| 1.53228227320012e-05	| 
13 		| 			| 			| 8.06166984623505e-06	| 
14 		| 			| 			| 2.42529487017134e-06	| 
15 		| 			| 			| 5.98125090813142e-08	| 
16 		| 			| 			| 8.87847503188710e-07	| 
17 		| 			| 			| 3.52778139060401e-06	| 
18 		| 			| 			| 6.17238084461235e-06	| 
19 		| 			| 			| 7.44795919317501e-06	| 
20 		| 			| 			| 			| 
Tempo total 	| 8.07299986481667e-02	| 7.29799941182137e-02	| 4.48850981891155e-01	|
Tempo derivadas | 7.73600116372108e-02	| 6.67300075292587e-02	| 3.49511012434959e-01	|
Tempo SL 	| 2.19000130891800e-03	| 2.69000232219696e-03	| 0.00000000000000e+00	|
#
10
100*(x2-x1^2)^2+(1-x1)^2+100*(x3-x2^2)^2+(1-x2)^2+100*(x4-x3^2)^2+(1-x3)^2+100*(x5-x4^2)^2+(1-x4)^2+100*(x6-x5^2)^2+(1-x5)^2+100*(x7-x6^2)^2+(1-x6)^2+100*(x8-x7^2)^2+(1-x7)^2+100*(x9-x8^2)^2+(1-x8)^2+100*(x10-x9^2)^2+(1-x9)^2+0
#
Iteração 	| Newton Padrão 	| Newton Modificado 	| Newton Inexato	|
1 		| 1.72793152576069e-04	| 1.72793152576069e-04	| 1.31764571773459e-04	| 
2 		| 1.00128041094532e-06	| 1.32952942723025e-04	| 8.22313073504473e-05	| 
3 		| 1.39877013701217e-12	| 1.28167552883507e-04	| 5.94446926044589e-05	| 
4 		| 1.17560458081406e-22	| 1.26895074829493e-04	| 3.15033119039155e-05	| 
5 		| 			| 1.26021322232622e-04	| 9.62716530195701e-06	| 
6 		| 			| 1.25199198921701e-04	| 2.71373513799335e-07	| 
7 		| 			| 1.24388463955510e-04	| 3.34222460014910e-06	| 
8 		| 			| 1.23583926973156e-04	| 1.35850325702434e-05	| 
9 		| 			| 1.22784752470443e-04	| 2.39243330230236e-05	| 
10 		| 			| 1.21990748822253e-04	| 2.89080473641260e-05	| 
11 		| 			| 9.32898434379485e-07	| 2.67142535530054e-05	| 
12 		| 			| 7.75945726478133e-08	| 1.91327999078141e-05	| 
13 		| 			| 2.63988494672897e-08	| 9.97021321505309e-06	| 
14 		| 			| 2.25104991666933e-08	| 2.93618243619795e-06	| 
15 		| 			| 2.20735350285655e-08	| 5.75406736708411e-08	| 
16 		| 			| 2.19096544217313e-08	| 1.18480480814399e-06	| 
17 		| 			| 2.17653698388296e-08	| 4.54506651722031e-06	| 
18 		| 			| 2.16221376910790e-08	| 7.85857391487267e-06	| 
19 		| 			| 2.14794322458203e-08	| 9.41515575373472e-06	| 
20 		| 			| 			| 			| 
Tempo total 	| 1.61366199702024e+00	| 1.49441000819206e+00	| 7.66567899286747e+00	|
Tempo derivadas | 1.60180199891329e+00	| 1.39430998265743e+00	| 7.21270901709795e+00	|
Tempo SL 	| 9.84998792409897e-03	| 1.50699838995934e-02	| 0.00000000000000e+00	|
#
20
100*(x2-x1^2)^2+(1-x1)^2+100*(x3-x2^2)^2+(1-x2)^2+100*(x4-x3^2)^2+(1-x3)^2+100*(x5-x4^2)^2+(1-x4)^2+100*(x6-x5^2)^2+(1-x5)^2+100*(x7-x6^2)^2+(1-x6)^2+100*(x8-x7^2)^2+(1-x7)^2+100*(x9-x8^2)^2+(1-x8)^2+100*(x10-x9^2)^2+(1-x9)^2+100*(x11-x10^2)^2+(1-x10)^2+100*(x12-x11^2)^2+(1-x11)^2+100*(x13-x12^2)^2+(1-x12)^2+100*(x14-x13^2)^2+(1-x13)^2+100*(x15-x14^2)^2+(1-x14)^2+100*(x16-x15^2)^2+(1-x15)^2+100*(x17-x16^2)^2+(1-x16)^2+100*(x18-x17^2)^2+(1-x17)^2+100*(x19-x18^2)^2+(1-x18)^2+100*(x20-x19^2)^2+(1-x19)^2+0
#
Iteração 	| Newton Padrão 	| Newton Modificado 	| Newton Inexato	|
1 		| 2.54430653407336e-04	| 2.54430653407336e-04	| 2.13278896847042e-04	| 
2 		| 1.00772715787785e-06	| 1.43749854680560e-04	| 8.24805153538833e-05	| 
3 		| 1.43378366974566e-12	| 1.29906628572485e-04	| 5.96045511930511e-05	| 
4 		| 1.23468770177540e-22	| 1.27473887563326e-04	| 3.15727982661115e-05	| 
5 		| 			| 1.26449850845368e-04	| 9.63815380581636e-06	| 
6 		| 			| 1.25606318593872e-04	| 2.68954267481112e-07	| 
7 		| 			| 1.24790590605678e-04	| 3.36321512348651e-06	| 
8 		| 			| 1.23983165551120e-04	| 1.36443541205728e-05	| 
9 		| 			| 1.23181388475870e-04	| 2.40136444875454e-05	| 
10 		| 			| 1.22384834653331e-04	| 2.90047873465195e-05	| 
11 		| 			| 1.21593402730214e-04	| 2.67949398047645e-05	| 
12 		| 			| 1.20807045907680e-04	| 1.91837750423864e-05	| 
13 		| 			| 1.20025728578331e-04	| 9.99164553982542e-06	| 
14 		| 			| 1.19249417950139e-04	| 2.93910230580964e-06	| 
15 		| 			| 1.18478082121694e-04	| 5.68339784401093e-08	| 
16 		| 			| 1.17711689582053e-04	| 1.19214969234349e-06	| 
17 		| 			| 1.16950209070964e-04	| 4.56485090343680e-06	| 
18 		| 			| 1.16193609537856e-04	| 7.88782444317339e-06	| 
19 		| 			| 1.15441860129036e-04	| 9.44657665081393e-06	| 
20 		| 			| 			| 			| 
Tempo total 	| 1.64765449911356e+01	| 5.82069600373507e+00	| 8.33281139954925e+01	|
Tempo derivadas | 1.64216049984097e+01	| 5.72383598983288e+00	| 8.17634110152721e+01	|
Tempo SL 	| 5.17099946737289e-02	| 4.62700203061104e-02	| 0.00000000000000e+00	|
#
32
100*(x2-x1^2)^2+(1-x1)^2+100*(x3-x2^2)^2+(1-x2)^2+100*(x4-x3^2)^2+(1-x3)^2+100*(x5-x4^2)^2+(1-x4)^2+100*(x6-x5^2)^2+(1-x5)^2+100*(x7-x6^2)^2+(1-x6)^2+100*(x8-x7^2)^2+(1-x7)^2+100*(x9-x8^2)^2+(1-x8)^2+100*(x10-x9^2)^2+(1-x9)^2+100*(x11-x10^2)^2+(1-x10)^2+100*(x12-x11^2)^2+(1-x11)^2+100*(x13-x12^2)^2+(1-x12)^2+100*(x14-x13^2)^2+(1-x13)^2+100*(x15-x14^2)^2+(1-x14)^2+100*(x16-x15^2)^2+(1-x15)^2+100*(x17-x16^2)^2+(1-x16)^2+100*(x18-x17^2)^2+(1-x17)^2+100*(x19-x18^2)^2+(1-x18)^2+100*(x20-x19^2)^2+(1-x19)^2+100*(x21-x20^2)^2+(1-x20)^2+100*(x22-x21^2)^2+(1-x21)^2+100*(x23-x22^2)^2+(1-x22)^2+100*(x24-x23^2)^2+(1-x23)^2+100*(x25-x24^2)^2+(1-x24)^2+100*(x26-x25^2)^2+(1-x25)^2+100*(x27-x26^2)^2+(1-x26)^2+100*(x28-x27^2)^2+(1-x27)^2+100*(x29-x28^2)^2+(1-x28)^2+100*(x30-x29^2)^2+(1-x29)^2+100*(x31-x30^2)^2+(1-x30)^2+100*(x32-x31^2)^2+(1-x31)^2+0
#
Iteração 	| Newton Padrão 	| Newton Modificado 	| Newton Inexato	|
1 		| 3.52208248906826e-04	| 3.52208248906826e-04	| 3.11056407284448e-04	| 
2 		| 1.00780165369261e-06	| 1.56302000321120e-04	| 8.24807622263545e-05	| 
3 		| 1.43382125650182e-12	| 1.31521737620944e-04	| 5.96046392835992e-05	| 
4 		| 1.23468770177540e-22	| 1.27682114628283e-04	| 3.15728145971955e-05	| 
5 		| 			| 1.26476951509619e-04	| 9.63813838486106e-06	| 
6 		| 			| 1.25610092414224e-04	| 2.68948411650312e-07	| 
7 		| 			| 1.24791358434427e-04	| 3.36324392430380e-06	| 
8 		| 			| 1.23983544449499e-04	| 1.36444194130623e-05	| 
9 		| 			| 1.23181715492745e-04	| 2.40137293300367e-05	| 
10 		| 			| 1.22385153205437e-04	| 2.90048677383839e-05	| 
11 		| 			| 1.21593718420462e-04	| 2.67949969592622e-05	| 
12 		| 			| 1.20807359469236e-04	| 1.91838026495014e-05	| 
13 		| 			| 1.20026040116974e-04	| 9.99164991322601e-06	| 
14 		| 			| 1.19249727490643e-04	| 2.93909697522695e-06	| 
15 		| 			| 1.18478389678272e-04	| 5.68323865539757e-08	| 
16 		| 			| 1.17711995167461e-04	| 1.19215960257402e-06	| 
17 		| 			| 1.16950512697693e-04	| 4.56487250739264e-06	| 
18 		| 			| 1.16193911218291e-04	| 7.88785209996771e-06	| 
19 		| 			| 1.15442159875480e-04	| 9.44660268229083e-06	| 
20 		| 			| 			| 			| 
Tempo total 	| 9.90700360015035e+01	| 2.40675339996815e+01	| 4.08068675994873e+02	|
Tempo derivadas | 9.87793760076165e+01	| 2.38518540337682e+01	| 4.03532850004733e+02	|
Tempo SL 	| 2.86070004105568e-01	| 9.85400155186653e-02	| 0.00000000000000e+00	|
#
